WARNING: A restricted method in java.lang.System has been called
WARNING: java.lang.System::loadLibrary has been called by org.fusesource.hawtjni.runtime.Library in an unnamed module (file:/home/jwalters/.m2/wrapper/dists/apache-maven-3.6.3-bin/1iopthnavndlasol9gbrbg6bf2/apache-maven-3.6.3/lib/jansi-1.17.1.jar)
WARNING: Use --enable-native-access=ALL-UNNAMED to avoid a warning for callers in this module
WARNING: Restricted methods will be blocked in a future release unless native access is enabled

WARNING: A terminally deprecated method in sun.misc.Unsafe has been called
WARNING: sun.misc.Unsafe::objectFieldOffset has been called by com.google.common.util.concurrent.AbstractFuture$UnsafeAtomicHelper (file:/home/jwalters/.m2/wrapper/dists/apache-maven-3.6.3-bin/1iopthnavndlasol9gbrbg6bf2/apache-maven-3.6.3/lib/guava-25.1-android.jar)
WARNING: Please consider reporting this to the maintainers of class com.google.common.util.concurrent.AbstractFuture$UnsafeAtomicHelper
WARNING: sun.misc.Unsafe::objectFieldOffset will be removed in a future release
[INFO] Scanning for projects...
[INFO] 
[INFO] -------------------------< com.digae:sga-api >--------------------------
[INFO] Building DIGAE SGA API 1.0.0-SNAPSHOT
[INFO] --------------------------------[ jar ]---------------------------------
[INFO] 
[INFO] >>> spring-boot-maven-plugin:3.2.5:run (default-cli) > test-compile @ sga-api >>>
[INFO] 
[INFO] --- maven-resources-plugin:3.3.1:resources (default-resources) @ sga-api ---
[INFO] Copying 1 resource from src/main/resources to target/classes
[INFO] Copying 0 resource from src/main/resources to target/classes
[INFO] 
[INFO] --- maven-compiler-plugin:3.11.0:compile (default-compile) @ sga-api ---
[INFO] Nothing to compile - all classes are up to date
[INFO] 
[INFO] --- maven-resources-plugin:3.3.1:testResources (default-testResources) @ sga-api ---
[INFO] skip non existing resourceDirectory /home/jwalters/UAM/POOII/digae/digae_backend/src/test/resources
[INFO] 
[INFO] --- maven-compiler-plugin:3.11.0:testCompile (default-testCompile) @ sga-api ---
[INFO] No sources to compile
[INFO] 
[INFO] <<< spring-boot-maven-plugin:3.2.5:run (default-cli) < test-compile @ sga-api <<<
[INFO] 
[INFO] 
[INFO] --- spring-boot-maven-plugin:3.2.5:run (default-cli) @ sga-api ---
[INFO] Attaching agents: []

  .   ____          _            __ _ _
 /\\ / ___'_ __ _ _(_)_ __  __ _ \ \ \ \
( ( )\___ | '_ | '_| | '_ \/ _` | \ \ \ \
 \\/  ___)| |_)| | | | | || (_| |  ) ) ) )
  '  |____| .__|_| |_|_| |_\__, | / / / /
 =========|_|==============|___/=/_/_/_/
 :: Spring Boot ::                (v3.2.5)

2026-06-26T09:47:11.071-06:00  INFO 133652 --- [digae-sga-api] [           main] com.digae.sga.DigaeApplication           : Starting DigaeApplication using Java 26.0.1 with PID 133652 (/home/jwalters/UAM/POOII/digae/digae_backend/target/classes started by jwalters in /home/jwalters/UAM/POOII/digae/digae_backend)
2026-06-26T09:47:11.071-06:00 DEBUG 133652 --- [digae-sga-api] [           main] com.digae.sga.DigaeApplication           : Running with Spring Boot v3.2.5, Spring v6.1.6
2026-06-26T09:47:11.072-06:00  INFO 133652 --- [digae-sga-api] [           main] com.digae.sga.DigaeApplication           : No active profile set, falling back to 1 default profile: "default"
2026-06-26T09:47:11.359-06:00  INFO 133652 --- [digae-sga-api] [           main] .s.d.r.c.RepositoryConfigurationDelegate : Bootstrapping Spring Data JPA repositories in DEFAULT mode.
2026-06-26T09:47:11.383-06:00  INFO 133652 --- [digae-sga-api] [           main] .s.d.r.c.RepositoryConfigurationDelegate : Finished Spring Data repository scanning in 22 ms. Found 7 JPA repository interfaces.
WARNING: A restricted method in java.lang.System has been called
WARNING: java.lang.System::load has been called by org.apache.tomcat.jni.Library in an unnamed module (file:/home/jwalters/.m2/repository/org/apache/tomcat/embed/tomcat-embed-core/10.1.20/tomcat-embed-core-10.1.20.jar)
WARNING: Use --enable-native-access=ALL-UNNAMED to avoid a warning for callers in this module
WARNING: Restricted methods will be blocked in a future release unless native access is enabled

2026-06-26T09:47:11.579-06:00  INFO 133652 --- [digae-sga-api] [           main] o.s.b.w.embedded.tomcat.TomcatWebServer  : Tomcat initialized with port 8081 (http)
2026-06-26T09:47:11.583-06:00  INFO 133652 --- [digae-sga-api] [           main] o.apache.catalina.core.StandardService   : Starting service [Tomcat]
2026-06-26T09:47:11.583-06:00  INFO 133652 --- [digae-sga-api] [           main] o.apache.catalina.core.StandardEngine    : Starting Servlet engine: [Apache Tomcat/10.1.20]
2026-06-26T09:47:11.601-06:00  INFO 133652 --- [digae-sga-api] [           main] o.a.c.c.C.[Tomcat].[localhost].[/]       : Initializing Spring embedded WebApplicationContext
2026-06-26T09:47:11.601-06:00  INFO 133652 --- [digae-sga-api] [           main] w.s.c.ServletWebServerApplicationContext : Root WebApplicationContext: initialization completed in 515 ms
2026-06-26T09:47:11.656-06:00  INFO 133652 --- [digae-sga-api] [           main] o.hibernate.jpa.internal.util.LogHelper  : HHH000204: Processing PersistenceUnitInfo [name: default]
2026-06-26T09:47:11.672-06:00  INFO 133652 --- [digae-sga-api] [           main] org.hibernate.Version                    : HHH000412: Hibernate ORM core version 6.4.4.Final
2026-06-26T09:47:11.682-06:00  INFO 133652 --- [digae-sga-api] [           main] o.h.c.internal.RegionFactoryInitiator    : HHH000026: Second-level cache disabled
2026-06-26T09:47:11.754-06:00  INFO 133652 --- [digae-sga-api] [           main] o.s.o.j.p.SpringPersistenceUnitInfo      : No LoadTimeWeaver setup: ignoring JPA class transformer
2026-06-26T09:47:11.794-06:00  INFO 133652 --- [digae-sga-api] [           main] com.zaxxer.hikari.HikariDataSource       : HikariPool-1 - Starting...
2026-06-26T09:47:20.662-06:00  INFO 133652 --- [digae-sga-api] [           main] com.zaxxer.hikari.pool.HikariPool        : HikariPool-1 - Added connection org.postgresql.jdbc.PgConnection@5611bba
2026-06-26T09:47:20.663-06:00  INFO 133652 --- [digae-sga-api] [           main] com.zaxxer.hikari.HikariDataSource       : HikariPool-1 - Start completed.
2026-06-26T09:47:20.994-06:00  WARN 133652 --- [digae-sga-api] [           main] org.hibernate.orm.deprecation            : HHH90000025: PostgreSQLDialect does not need to be specified explicitly using 'hibernate.dialect' (remove the property setting and it will be selected by default)
2026-06-26T09:47:21.967-06:00  INFO 133652 --- [digae-sga-api] [           main] o.h.e.t.j.p.i.JtaPlatformInitiator       : HHH000489: No JTA platform available (set 'hibernate.transaction.jta.platform' to enable JTA platform integration)
2026-06-26T09:47:49.148-06:00  INFO 133652 --- [digae-sga-api] [           main] j.LocalContainerEntityManagerFactoryBean : Initialized JPA EntityManagerFactory for persistence unit 'default'
2026-06-26T09:47:49.280-06:00 DEBUG 133652 --- [digae-sga-api] [           main] c.d.s.security.JwtAuthenticationFilter   : Filter 'jwtAuthenticationFilter' configured for use
2026-06-26T09:47:49.538-06:00  INFO 133652 --- [digae-sga-api] [           main] o.s.s.web.DefaultSecurityFilterChain     : Will secure any request with [org.springframework.security.web.session.DisableEncodeUrlFilter@452ea8f0, org.springframework.security.web.context.request.async.WebAsyncManagerIntegrationFilter@e417628, org.springframework.security.web.context.SecurityContextHolderFilter@359f3401, org.springframework.security.web.header.HeaderWriterFilter@768967cf, org.springframework.web.filter.CorsFilter@46f3d0f7, org.springframework.security.web.authentication.logout.LogoutFilter@149fab7f, com.digae.sga.security.JwtAuthenticationFilter@73502d5e, org.springframework.security.web.savedrequest.RequestCacheAwareFilter@51d50b5f, org.springframework.security.web.servletapi.SecurityContextHolderAwareRequestFilter@38816a6c, org.springframework.security.web.authentication.AnonymousAuthenticationFilter@592fbd8, org.springframework.security.web.session.SessionManagementFilter@72dc7f0a, org.springframework.security.web.access.ExceptionTranslationFilter@709353b9, org.springframework.security.web.access.intercept.AuthorizationFilter@6f749a1f]
2026-06-26T09:47:49.664-06:00  INFO 133652 --- [digae-sga-api] [           main] o.s.b.w.embedded.tomcat.TomcatWebServer  : Tomcat started on port 8081 (http) with context path ''
2026-06-26T09:47:49.668-06:00  INFO 133652 --- [digae-sga-api] [           main] com.digae.sga.DigaeApplication           : Started DigaeApplication in 38.797 seconds (process running for 38.941)
2026-06-26T09:47:49.670-06:00  INFO 133652 --- [digae-sga-api] [           main] com.digae.sga.config.DatabaseSeeder      : Verificando el estado de la base de datos para seeder nativo...
2026-06-26T09:47:55.483-06:00  INFO 133652 --- [digae-sga-api] [           main] com.digae.sga.config.DatabaseSeeder      : ¡Base de datos nativa en orden y lista para su uso!
2026-06-26T09:47:58.786-06:00  INFO 133652 --- [digae-sga-api] [nio-8081-exec-1] o.a.c.c.C.[Tomcat].[localhost].[/]       : Initializing Spring DispatcherServlet 'dispatcherServlet'
2026-06-26T09:47:58.786-06:00  INFO 133652 --- [digae-sga-api] [nio-8081-exec-1] o.s.web.servlet.DispatcherServlet        : Initializing Servlet 'dispatcherServlet'
2026-06-26T09:47:58.786-06:00  INFO 133652 --- [digae-sga-api] [nio-8081-exec-1] o.s.web.servlet.DispatcherServlet        : Completed initialization in 0 ms
2026-06-26T09:47:58.928-06:00 DEBUG 133652 --- [digae-sga-api] [nio-8081-exec-1] org.hibernate.SQL                        : 
    select
        u1_0.id,
        case 
            when u1_1.id is not null 
                then 1 
            when u1_2.id is not null 
                then 2 
            end,
            u1_0.activo,
            u1_0.actualizado_en,
            u1_0.apellido,
            u1_0.creado_en,
            u1_0.email,
            u1_0.nombre,
            u1_0.password,
            u1_2.facultad_id 
        from
            usuarios u1_0 
        left join
            administradores u1_1 
                on u1_0.id=u1_1.id 
        left join
            usuarios_operativos u1_2 
                on u1_0.id=u1_2.id 
        where
            u1_0.email=?
Hibernate: 
    select
        u1_0.id,
        case 
            when u1_1.id is not null 
                then 1 
            when u1_2.id is not null 
                then 2 
            end,
            u1_0.activo,
            u1_0.actualizado_en,
            u1_0.apellido,
            u1_0.creado_en,
            u1_0.email,
            u1_0.nombre,
            u1_0.password,
            u1_2.facultad_id 
        from
            usuarios u1_0 
        left join
            administradores u1_1 
                on u1_0.id=u1_1.id 
        left join
            usuarios_operativos u1_2 
                on u1_0.id=u1_2.id 
        where
            u1_0.email=?
